# JRE version: OpenJDK Runtime Environment (8.0_91-b14) (build 1.8.0_91-b14)
# Java VM: OpenJDK 64-Bit Server VM (25.91-b14 mixed mode linux-amd64 compressed oops)
Heap:
 PSYoungGen      total 472576K, used 30132K [0x00000000d7400000, 0x00000000faa80000, 0x0000000100000000)
  eden space 436224K, 0% used [0x00000000d7400000,0x00000000d7400000,0x00000000f1e00000)
  from space 36352K, 82% used [0x00000000f4500000,0x00000000f626d230,0x00000000f6880000)
  to   space 39936K, 0% used [0x00000000f1e00000,0x00000000f1e00000,0x00000000f4500000)
 ParOldGen       total 141824K, used 59484K [0x0000000085c00000, 0x000000008e680000, 0x00000000d7400000)
  object space 141824K, 41% used [0x0000000085c00000,0x00000000896171e8,0x000000008e680000)
 Metaspace       used 55797K, capacity 57200K, committed 57384K, reserved 1099776K
  class space    used 6477K, capacity 6884K, committed 6960K, reserved 1048576K
GC Heap History (10 events):
Event: 6.109 GC heap after
Heap after GC invocations=10 (full 1):
 PSYoungGen      total 276480K, used 0K [0x00000000d7400000, 0x00000000f3480000, 0x0000000100000000)
  eden space 242176K, 0% used [0x00000000d7400000,0x00000000d7400000,0x00000000e6080000)
  from space 34304K, 0% used [0x00000000e6080000,0x00000000e6080000,0x00000000e8200000)
  to   space 35840K, 0% used [0x00000000f1180000,0x00000000f1180000,0x00000000f3480000)
 ParOldGen       total 99328K, used 40262K [0x0000000085c00000, 0x000000008bd00000, 0x00000000d7400000)
  object space 99328K, 40% used [0x0000000085c00000,0x0000000088351b38,0x000000008bd00000)
 Metaspace       used 20539K, capacity 21204K, committed 21296K, reserved 1069056K
  class space    used 2365K, capacity 2588K, committed 2608K, reserved 1048576K
}
Event: 11.643 GC heap before
{Heap before GC invocations=11 (full 1):
 PSYoungGen      total 276480K, used 242176K [0x00000000d7400000, 0x00000000f3480000, 0x0000000100000000)
  eden space 242176K, 100% used [0x00000000d7400000,0x00000000e6080000,0x00000000e6080000)
  from space 34304K, 0% used [0x00000000e6080000,0x00000000e6080000,0x00000000e8200000)
  to   space 35840K, 0% used [0x00000000f1180000,0x00000000f1180000,0x00000000f3480000)
 ParOldGen       total 99328K, used 40262K [0x0000000085c00000, 0x000000008bd00000, 0x00000000d7400000)
  object space 99328K, 40% used [0x0000000085c00000,0x0000000088351b38,0x000000008bd00000)
 Metaspace       used 33370K, capacity 34318K, committed 34608K, reserved 1079296K
  class space    used 3799K, capacity 4120K, committed 4144K, reserved 1048576K
Event: 11.678 GC heap after
Heap after GC invocations=11 (full 1):
 PSYoungGen      total 345088K, used 22400K [0x00000000d7400000, 0x00000000f2780000, 0x0000000100000000)
  eden space 322560K, 0% used [0x00000000d7400000,0x00000000d7400000,0x00000000eaf00000)
  from space 22528K, 99% used [0x00000000f1180000,0x00000000f2760118,0x00000000f2780000)
  to   space 36352K, 0% used [0x00000000ee080000,0x00000000ee080000,0x00000000f0400000)
 ParOldGen       total 99328K, used 40270K [0x0000000085c00000, 0x000000008bd00000, 0x00000000d7400000)
  object space 99328K, 40% used [0x0000000085c00000,0x0000000088353b38,0x000000008bd00000)
 Metaspace       used 33370K, capacity 34318K, committed 34608K, reserved 1079296K
  class space    used 3799K, capacity 4120K, committed 4144K, reserved 1048576K
}
Event: 12.052 GC heap before
{Heap before GC invocations=12 (full 1):
 PSYoungGen      total 345088K, used 53431K [0x00000000d7400000, 0x00000000f2780000, 0x0000000100000000)
  eden space 322560K, 9% used [0x00000000d7400000,0x00000000d924de10,0x00000000eaf00000)
  from space 22528K, 99% used [0x00000000f1180000,0x00000000f2760118,0x00000000f2780000)
  to   space 36352K, 0% used [0x00000000ee080000,0x00000000ee080000,0x00000000f0400000)
 ParOldGen       total 99328K, used 40270K [0x0000000085c00000, 0x000000008bd00000, 0x00000000d7400000)
  object space 99328K, 40% used [0x0000000085c00000,0x0000000088353b38,0x000000008bd00000)
 Metaspace       used 34410K, capacity 35302K, committed 35496K, reserved 1081344K
  class space    used 3943K, capacity 4256K, committed 4272K, reserved 1048576K
Event: 12.092 GC heap after
Heap after GC invocations=12 (full 1):
 PSYoungGen      total 409600K, used 4310K [0x00000000d7400000, 0x00000000f6880000, 0x0000000100000000)
  eden space 373248K, 0% used [0x00000000d7400000,0x00000000d7400000,0x00000000ee080000)
  from space 36352K, 11% used [0x00000000ee080000,0x00000000ee4b5868,0x00000000f0400000)
  to   space 36352K, 0% used [0x00000000f4500000,0x00000000f4500000,0x00000000f6880000)
 ParOldGen       total 99328K, used 58093K [0x0000000085c00000, 0x000000008bd00000, 0x00000000d7400000)
  object space 99328K, 58% used [0x0000000085c00000,0x00000000894bb580,0x000000008bd00000)
 Metaspace       used 34410K, capacity 35302K, committed 35496K, reserved 1081344K
  class space    used 3943K, capacity 4256K, committed 4272K, reserved 1048576K
}
Event: 12.092 GC heap before
{Heap before GC invocations=13 (full 2):
 PSYoungGen      total 409600K, used 4310K [0x00000000d7400000, 0x00000000f6880000, 0x0000000100000000)
  eden space 373248K, 0% used [0x00000000d7400000,0x00000000d7400000,0x00000000ee080000)
  from space 36352K, 11% used [0x00000000ee080000,0x00000000ee4b5868,0x00000000f0400000)
  to   space 36352K, 0% used [0x00000000f4500000,0x00000000f4500000,0x00000000f6880000)
 ParOldGen       total 99328K, used 58093K [0x0000000085c00000, 0x000000008bd00000, 0x00000000d7400000)
  object space 99328K, 58% used [0x0000000085c00000,0x00000000894bb580,0x000000008bd00000)
 Metaspace       used 34410K, capacity 35302K, committed 35496K, reserved 1081344K
  class space    used 3943K, capacity 4256K, committed 4272K, reserved 1048576K
Event: 12.433 GC heap after
Heap after GC invocations=13 (full 2):
 PSYoungGen      total 409600K, used 0K [0x00000000d7400000, 0x00000000f6880000, 0x0000000100000000)
  eden space 373248K, 0% used [0x00000000d7400000,0x00000000d7400000,0x00000000ee080000)
  from space 36352K, 0% used [0x00000000ee080000,0x00000000ee080000,0x00000000f0400000)
  to   space 36352K, 0% used [0x00000000f4500000,0x00000000f4500000,0x00000000f6880000)
 ParOldGen       total 141824K, used 59412K [0x0000000085c00000, 0x000000008e680000, 0x00000000d7400000)
  object space 141824K, 41% used [0x0000000085c00000,0x00000000896051d8,0x000000008e680000)
 Metaspace       used 34410K, capacity 35302K, committed 35496K, reserved 1081344K
  class space    used 3943K, capacity 4256K, committed 4272K, reserved 1048576K
}
Event: 16.552 GC heap before
{Heap before GC invocations=14 (full 2):
 PSYoungGen      total 409600K, used 327890K [0x00000000d7400000, 0x00000000f6880000, 0x0000000100000000)
  eden space 373248K, 87% used [0x00000000d7400000,0x00000000eb434ab8,0x00000000ee080000)
  from space 36352K, 0% used [0x00000000ee080000,0x00000000ee080000,0x00000000f0400000)
  to   space 36352K, 0% used [0x00000000f4500000,0x00000000f4500000,0x00000000f6880000)
 ParOldGen       total 141824K, used 59412K [0x0000000085c00000, 0x000000008e680000, 0x00000000d7400000)
  object space 141824K, 41% used [0x0000000085c00000,0x00000000896051d8,0x000000008e680000)
 Metaspace       used 55797K, capacity 57200K, committed 57384K, reserved 1099776K
  class space    used 6477K, capacity 6884K, committed 6960K, reserved 1048576K
Event: 16.588 GC heap after
Heap after GC invocations=14 (full 2):
 PSYoungGen      total 472576K, used 30132K [0x00000000d7400000, 0x00000000faa80000, 0x0000000100000000)
  eden space 436224K, 0% used [0x00000000d7400000,0x00000000d7400000,0x00000000f1e00000)
  from space 36352K, 82% used [0x00000000f4500000,0x00000000f626d230,0x00000000f6880000)
  to   space 39936K, 0% used [0x00000000f1e00000,0x00000000f1e00000,0x00000000f4500000)
 ParOldGen       total 141824K, used 59484K [0x0000000085c00000, 0x000000008e680000, 0x00000000d7400000)
  object space 141824K, 41% used [0x0000000085c00000,0x00000000896171e8,0x000000008e680000)
 Metaspace       used 55797K, capacity 57200K, committed 57384K, reserved 1099776K
  class space    used 6477K, capacity 6884K, committed 6960K, reserved 1048576K
}
Event: 16.588 GC heap before
{Heap before GC invocations=15 (full 3):
 PSYoungGen      total 472576K, used 30132K [0x00000000d7400000, 0x00000000faa80000, 0x0000000100000000)
  eden space 436224K, 0% used [0x00000000d7400000,0x00000000d7400000,0x00000000f1e00000)
  from space 36352K, 82% used [0x00000000f4500000,0x00000000f626d230,0x00000000f6880000)
  to   space 39936K, 0% used [0x00000000f1e00000,0x00000000f1e00000,0x00000000f4500000)
 ParOldGen       total 141824K, used 59484K [0x0000000085c00000, 0x000000008e680000, 0x00000000d7400000)
  object space 141824K, 41% used [0x0000000085c00000,0x00000000896171e8,0x000000008e680000)
 Metaspace       used 55797K, capacity 57200K, committed 57384K, reserved 1099776K
  class space    used 6477K, capacity 6884K, committed 6960K, reserved 1048576K

