-------------------------------------------------------------------------------
Test set: org.fuse.usecase.LDAPCheckPasswordTest
-------------------------------------------------------------------------------
Tests run: 1, Failures: 0, Errors: 1, Skipped: 0, Time elapsed: 0.176 sec <<< FAILURE! - in org.fuse.usecase.LDAPCheckPasswordTest
initializationError(org.fuse.usecase.LDAPCheckPasswordTest)  Time elapsed: 0.008 sec  <<< ERROR!
java.lang.Exception: No runnable methods

